2025-09-20 08:26:59,787 INFO RPC interface 'supervisor' initialized
2025-09-20 08:26:59,788 CRIT Server 'unix_http_server' running without any HTTP authentication checking
2025-09-20 08:26:59,791 INFO daemonizing the supervisord process
2025-09-20 08:26:59,791 INFO supervisord started with pid 2409
2025-09-20 08:27:00,794 INFO spawned: 'webserver' with pid 2441
2025-09-20 08:27:00,952 WARN exited: webserver (exit status 1; not expected)
2025-09-20 08:27:01,957 INFO spawned: 'webserver' with pid 2482
2025-09-20 08:27:03,090 INFO success: webserver entered RUNNING state, process has stayed up for > than 1 seconds (startsecs)
2025-09-20 08:27:03,090 WARN exited: webserver (exit status 1; not expected)
2025-09-20 08:27:04,094 INFO spawned: 'webserver' with pid 2491
2025-09-20 08:27:04,241 WARN exited: webserver (exit status 1; not expected)
2025-09-20 08:27:05,245 INFO spawned: 'webserver' with pid 2494
2025-09-20 08:27:05,364 WARN exited: webserver (exit status 1; not expected)
2025-09-20 08:27:08,124 INFO spawned: 'webserver' with pid 2524
2025-09-20 08:27:09,256 INFO success: webserver entered RUNNING state, process has stayed up for > than 1 seconds (startsecs)
2025-09-20 08:27:09,256 WARN exited: webserver (exit status 1; not expected)
2025-09-20 08:27:10,260 INFO spawned: 'webserver' with pid 2566
2025-09-20 08:27:11,399 INFO success: webserver entered RUNNING state, process has stayed up for > than 1 seconds (startsecs)
2025-09-20 08:27:11,400 WARN exited: webserver (exit status 1; not expected)
2025-09-20 08:27:12,404 INFO spawned: 'webserver' with pid 2605
2025-09-20 08:27:12,529 WARN exited: webserver (exit status 1; not expected)
2025-09-20 08:27:19,863 INFO spawned: 'webserver' with pid 2732
2025-09-20 08:27:20,866 INFO success: webserver entered RUNNING state, process has stayed up for > than 1 seconds (startsecs)
